The target system is: Windows - 1 - 
The host system is: Linux - 4.15.0-43-generic - x86_64
Compiling the C compiler identification source file "CMakeCCompilerId.c" succeeded.
Compiler: /usr/bin/x86_64-w64-mingw32-gcc 
Build flags: 
Id flags:  

The output was:
0


Compilation of the C compiler identification source "CMakeCCompilerId.c" produced "a.exe"

The C compiler identification is GNU, found in "/home/zuzwie/zuza/programowanie/jp/git_poczatki/openCv/program3/build/CMakeFiles/3.10.2/CompilerIdC/a.exe"

Compiling the CXX compiler identification source file "CMakeCXXCompilerId.cpp" succeeded.
Compiler: /usr/bin/x86_64-w64-mingw32-g++ 
Build flags: 
Id flags:  

The output was:
0


Compilation of the CXX compiler identification source "CMakeCXXCompilerId.cpp" produced "a.exe"

The CXX compiler identification is GNU, found in "/home/zuzwie/zuza/programowanie/jp/git_poczatki/openCv/program3/build/CMakeFiles/3.10.2/CompilerIdCXX/a.exe"

Determining if the C compiler works passed with the following output:
Change Dir: /home/zuzwie/zuza/programowanie/jp/git_poczatki/openCv/program3/build/CMakeFiles/CMakeTmp

Run Build Command:"/usr/bin/make" "cmTC_ddaf6/fast"
/usr/bin/make -f CMakeFiles/cmTC_ddaf6.dir/build.make CMakeFiles/cmTC_ddaf6.dir/build
make[1]: Entering directory '/home/zuzwie/zuza/programowanie/jp/git_poczatki/openCv/program3/build/CMakeFiles/CMakeTmp'
Building C object CMakeFiles/cmTC_ddaf6.dir/testCCompiler.c.obj
/usr/bin/x86_64-w64-mingw32-gcc    -o CMakeFiles/cmTC_ddaf6.dir/testCCompiler.c.obj   -c /home/zuzwie/zuza/programowanie/jp/git_poczatki/openCv/program3/build/CMakeFiles/CMakeTmp/testCCompiler.c
Linking C executable cmTC_ddaf6.exe
/usr/bin/cmake -E cmake_link_script CMakeFiles/cmTC_ddaf6.dir/link.txt --verbose=1
/usr/bin/cmake -E remove -f CMakeFiles/cmTC_ddaf6.dir/objects.a
/usr/bin/x86_64-w64-mingw32-ar cr CMakeFiles/cmTC_ddaf6.dir/objects.a @CMakeFiles/cmTC_ddaf6.dir/objects1.rsp
/usr/bin/x86_64-w64-mingw32-gcc    -fdata-sections -ffunction-sections -Wl,--enable-stdcall-fixup -static-libgcc -static -lpthread  -Wl,--whole-archive CMakeFiles/cmTC_ddaf6.dir/objects.a -Wl,--no-whole-archive  -o cmTC_ddaf6.exe -Wl,--out-implib,libcmTC_ddaf6.dll.a -Wl,--major-image-version,0,--minor-image-version,0 @CMakeFiles/cmTC_ddaf6.dir/linklibs.rsp
make[1]: Leaving directory '/home/zuzwie/zuza/programowanie/jp/git_poczatki/openCv/program3/build/CMakeFiles/CMakeTmp'


Detecting C compiler ABI info compiled with the following output:
Change Dir: /home/zuzwie/zuza/programowanie/jp/git_poczatki/openCv/program3/build/CMakeFiles/CMakeTmp

Run Build Command:"/usr/bin/make" "cmTC_b78c4/fast"
/usr/bin/make -f CMakeFiles/cmTC_b78c4.dir/build.make CMakeFiles/cmTC_b78c4.dir/build
make[1]: Entering directory '/home/zuzwie/zuza/programowanie/jp/git_poczatki/openCv/program3/build/CMakeFiles/CMakeTmp'
Building C object CMakeFiles/cmTC_b78c4.dir/CMakeCCompilerABI.c.obj
/usr/bin/x86_64-w64-mingw32-gcc    -o CMakeFiles/cmTC_b78c4.dir/CMakeCCompilerABI.c.obj   -c /usr/share/cmake-3.10/Modules/CMakeCCompilerABI.c
Linking C executable cmTC_b78c4.exe
/usr/bin/cmake -E cmake_link_script CMakeFiles/cmTC_b78c4.dir/link.txt --verbose=1
/usr/bin/cmake -E remove -f CMakeFiles/cmTC_b78c4.dir/objects.a
/usr/bin/x86_64-w64-mingw32-ar cr CMakeFiles/cmTC_b78c4.dir/objects.a @CMakeFiles/cmTC_b78c4.dir/objects1.rsp
/usr/bin/x86_64-w64-mingw32-gcc    -fdata-sections -ffunction-sections -Wl,--enable-stdcall-fixup -static-libgcc -static -lpthread -v -Wl,--whole-archive CMakeFiles/cmTC_b78c4.dir/objects.a -Wl,--no-whole-archive  -o cmTC_b78c4.exe -Wl,--out-implib,libcmTC_b78c4.dll.a -Wl,--major-image-version,0,--minor-image-version,0 
Using built-in specs.
COLLECT_GCC=/usr/bin/x86_64-w64-mingw32-gcc
COLLECT_LTO_WRAPPER=/usr/lib/gcc/x86_64-w64-mingw32/7.3-win32/lto-wrapper
Target: x86_64-w64-mingw32
Configured with: ../../src/configure --build=x86_64-linux-gnu --prefix=/usr --includedir='/usr/include' --mandir='/usr/share/man' --infodir='/usr/share/info' --sysconfdir=/etc --localstatedir=/var --disable-silent-rules --libdir='/usr/lib/x86_64-linux-gnu' --libexecdir='/usr/lib/x86_64-linux-gnu' --disable-maintainer-mode --disable-dependency-tracking --prefix=/usr --enable-shared --enable-static --disable-multilib --with-system-zlib --libexecdir=/usr/lib --without-included-gettext --libdir=/usr/lib --enable-libstdcxx-time=yes --with-tune=generic --with-headers=/usr/x86_64-w64-mingw32/include --enable-version-specific-runtime-libs --enable-fully-dynamic-string --enable-libgomp --enable-languages=c,c++,fortran,objc,obj-c++,ada --enable-lto --with-plugin-ld --enable-threads=win32 --program-suffix=-win32 --program-prefix=x86_64-w64-mingw32- --target=x86_64-w64-mingw32 --with-as=/usr/bin/x86_64-w64-mingw32-as --with-ld=/usr/bin/x86_64-w64-mingw32-ld --enable-libatomic --enable-libstdcxx-filesystem-ts=yes
Thread model: win32
gcc version 7.3-win32 20180312 (GCC) 
COMPILER_PATH=/usr/lib/gcc/x86_64-w64-mingw32/7.3-win32/:/usr/lib/gcc/x86_64-w64-mingw32/7.3-win32/:/usr/lib/gcc/x86_64-w64-mingw32/:/usr/lib/gcc/x86_64-w64-mingw32/7.3-win32/:/usr/lib/gcc/x86_64-w64-mingw32/:/usr/lib/gcc/x86_64-w64-mingw32/7.3-win32/../../../../x86_64-w64-mingw32/bin/
LIBRARY_PATH=/usr/lib/gcc/x86_64-w64-mingw32/7.3-win32/:/usr/lib/gcc/x86_64-w64-mingw32/7.3-win32/../../../../x86_64-w64-mingw32/lib/
COLLECT_GCC_OPTIONS='-fdata-sections' '-ffunction-sections' '-static-libgcc' '-static' '-v' '-o' 'cmTC_b78c4.exe' '-mtune=generic' '-march=x86-64'
 /usr/lib/gcc/x86_64-w64-mingw32/7.3-win32/collect2 -m i386pep -Bstatic -o cmTC_b78c4.exe /usr/lib/gcc/x86_64-w64-mingw32/7.3-win32/../../../../x86_64-w64-mingw32/lib/crt2.o /usr/lib/gcc/x86_64-w64-mingw32/7.3-win32/crtbegin.o -L/usr/lib/gcc/x86_64-w64-mingw32/7.3-win32 -L/usr/lib/gcc/x86_64-w64-mingw32/7.3-win32/../../../../x86_64-w64-mingw32/lib --enable-stdcall-fixup -lpthread --whole-archive CMakeFiles/cmTC_b78c4.dir/objects.a --no-whole-archive --out-implib libcmTC_b78c4.dll.a --major-image-version 0 --minor-image-version 0 -lmingw32 -lgcc -lgcc_eh -lmoldname -lmingwex -lmsvcrt -ladvapi32 -lshell32 -luser32 -lkernel32 -lmingw32 -lgcc -lgcc_eh -lmoldname -lmingwex -lmsvcrt /usr/lib/gcc/x86_64-w64-mingw32/7.3-win32/crtend.o
COLLECT_GCC_OPTIONS='-fdata-sections' '-ffunction-sections' '-static-libgcc' '-static' '-v' '-o' 'cmTC_b78c4.exe' '-mtune=generic' '-march=x86-64'
make[1]: Leaving directory '/home/zuzwie/zuza/programowanie/jp/git_poczatki/openCv/program3/build/CMakeFiles/CMakeTmp'


Parsed C implicit link information from above output:
  link line regex: [^( *|.*[/\])(x86_64-w64-mingw32-ld|CMAKE_LINK_STARTFILE-NOTFOUND|([^/\]+-)?ld|collect2)[^/\]*( |$)]
  ignore line: [Change Dir: /home/zuzwie/zuza/programowanie/jp/git_poczatki/openCv/program3/build/CMakeFiles/CMakeTmp]
  ignore line: []
  ignore line: [Run Build Command:"/usr/bin/make" "cmTC_b78c4/fast"]
  ignore line: [/usr/bin/make -f CMakeFiles/cmTC_b78c4.dir/build.make CMakeFiles/cmTC_b78c4.dir/build]
  ignore line: [make[1]: Entering directory '/home/zuzwie/zuza/programowanie/jp/git_poczatki/openCv/program3/build/CMakeFiles/CMakeTmp']
  ignore line: [Building C object CMakeFiles/cmTC_b78c4.dir/CMakeCCompilerABI.c.obj]
  ignore line: [/usr/bin/x86_64-w64-mingw32-gcc    -o CMakeFiles/cmTC_b78c4.dir/CMakeCCompilerABI.c.obj   -c /usr/share/cmake-3.10/Modules/CMakeCCompilerABI.c]
  ignore line: [Linking C executable cmTC_b78c4.exe]
  ignore line: [/usr/bin/cmake -E cmake_link_script CMakeFiles/cmTC_b78c4.dir/link.txt --verbose=1]
  ignore line: [/usr/bin/cmake -E remove -f CMakeFiles/cmTC_b78c4.dir/objects.a]
  ignore line: [/usr/bin/x86_64-w64-mingw32-ar cr CMakeFiles/cmTC_b78c4.dir/objects.a @CMakeFiles/cmTC_b78c4.dir/objects1.rsp]
  ignore line: [/usr/bin/x86_64-w64-mingw32-gcc    -fdata-sections -ffunction-sections -Wl,--enable-stdcall-fixup -static-libgcc -static -lpthread -v -Wl,--whole-archive CMakeFiles/cmTC_b78c4.dir/objects.a -Wl,--no-whole-archive  -o cmTC_b78c4.exe -Wl,--out-implib,libcmTC_b78c4.dll.a -Wl,--major-image-version,0,--minor-image-version,0 ]
  ignore line: [Using built-in specs.]
  ignore line: [COLLECT_GCC=/usr/bin/x86_64-w64-mingw32-gcc]
  ignore line: [COLLECT_LTO_WRAPPER=/usr/lib/gcc/x86_64-w64-mingw32/7.3-win32/lto-wrapper]
  ignore line: [Target: x86_64-w64-mingw32]
  ignore line: [Configured with: ../../src/configure --build=x86_64-linux-gnu --prefix=/usr --includedir='/usr/include' --mandir='/usr/share/man' --infodir='/usr/share/info' --sysconfdir=/etc --localstatedir=/var --disable-silent-rules --libdir='/usr/lib/x86_64-linux-gnu' --libexecdir='/usr/lib/x86_64-linux-gnu' --disable-maintainer-mode --disable-dependency-tracking --prefix=/usr --enable-shared --enable-static --disable-multilib --with-system-zlib --libexecdir=/usr/lib --without-included-gettext --libdir=/usr/lib --enable-libstdcxx-time=yes --with-tune=generic --with-headers=/usr/x86_64-w64-mingw32/include --enable-version-specific-runtime-libs --enable-fully-dynamic-string --enable-libgomp --enable-languages=c,c++,fortran,objc,obj-c++,ada --enable-lto --with-plugin-ld --enable-threads=win32 --program-suffix=-win32 --program-prefix=x86_64-w64-mingw32- --target=x86_64-w64-mingw32 --with-as=/usr/bin/x86_64-w64-mingw32-as --with-ld=/usr/bin/x86_64-w64-mingw32-ld --enable-libatomic --enable-libstdcxx-filesystem-ts=yes]
  ignore line: [Thread model: win32]
  ignore line: [gcc version 7.3-win32 20180312 (GCC) ]
  ignore line: [COMPILER_PATH=/usr/lib/gcc/x86_64-w64-mingw32/7.3-win32/:/usr/lib/gcc/x86_64-w64-mingw32/7.3-win32/:/usr/lib/gcc/x86_64-w64-mingw32/:/usr/lib/gcc/x86_64-w64-mingw32/7.3-win32/:/usr/lib/gcc/x86_64-w64-mingw32/:/usr/lib/gcc/x86_64-w64-mingw32/7.3-win32/../../../../x86_64-w64-mingw32/bin/]
  ignore line: [LIBRARY_PATH=/usr/lib/gcc/x86_64-w64-mingw32/7.3-win32/:/usr/lib/gcc/x86_64-w64-mingw32/7.3-win32/../../../../x86_64-w64-mingw32/lib/]
  ignore line: [COLLECT_GCC_OPTIONS='-fdata-sections' '-ffunction-sections' '-static-libgcc' '-static' '-v' '-o' 'cmTC_b78c4.exe' '-mtune=generic' '-march=x86-64']
  link line: [ /usr/lib/gcc/x86_64-w64-mingw32/7.3-win32/collect2 -m i386pep -Bstatic -o cmTC_b78c4.exe /usr/lib/gcc/x86_64-w64-mingw32/7.3-win32/../../../../x86_64-w64-mingw32/lib/crt2.o /usr/lib/gcc/x86_64-w64-mingw32/7.3-win32/crtbegin.o -L/usr/lib/gcc/x86_64-w64-mingw32/7.3-win32 -L/usr/lib/gcc/x86_64-w64-mingw32/7.3-win32/../../../../x86_64-w64-mingw32/lib --enable-stdcall-fixup -lpthread --whole-archive CMakeFiles/cmTC_b78c4.dir/objects.a --no-whole-archive --out-implib libcmTC_b78c4.dll.a --major-image-version 0 --minor-image-version 0 -lmingw32 -lgcc -lgcc_eh -lmoldname -lmingwex -lmsvcrt -ladvapi32 -lshell32 -luser32 -lkernel32 -lmingw32 -lgcc -lgcc_eh -lmoldname -lmingwex -lmsvcrt /usr/lib/gcc/x86_64-w64-mingw32/7.3-win32/crtend.o]
    arg [/usr/lib/gcc/x86_64-w64-mingw32/7.3-win32/collect2] ==> ignore
    arg [-m] ==> ignore
    arg [i386pep] ==> ignore
    arg [-Bstatic] ==> ignore
    arg [-o] ==> ignore
    arg [cmTC_b78c4.exe] ==> ignore
    arg [/usr/lib/gcc/x86_64-w64-mingw32/7.3-win32/../../../../x86_64-w64-mingw32/lib/crt2.o] ==> ignore
    arg [/usr/lib/gcc/x86_64-w64-mingw32/7.3-win32/crtbegin.o] ==> ignore
    arg [-L/usr/lib/gcc/x86_64-w64-mingw32/7.3-win32] ==> dir [/usr/lib/gcc/x86_64-w64-mingw32/7.3-win32]
    arg [-L/usr/lib/gcc/x86_64-w64-mingw32/7.3-win32/../../../../x86_64-w64-mingw32/lib] ==> dir [/usr/lib/gcc/x86_64-w64-mingw32/7.3-win32/../../../../x86_64-w64-mingw32/lib]
    arg [--enable-stdcall-fixup] ==> ignore
    arg [-lpthread] ==> lib [pthread]
    arg [--whole-archive] ==> ignore
    arg [CMakeFiles/cmTC_b78c4.dir/objects.a] ==> ignore
    arg [--no-whole-archive] ==> ignore
    arg [--out-implib] ==> ignore
    arg [libcmTC_b78c4.dll.a] ==> ignore
    arg [--major-image-version] ==> ignore
    arg [0] ==> ignore
    arg [--minor-image-version] ==> ignore
    arg [0] ==> ignore
    arg [-lmingw32] ==> lib [mingw32]
    arg [-lgcc] ==> lib [gcc]
    arg [-lgcc_eh] ==> lib [gcc_eh]
    arg [-lmoldname] ==> lib [moldname]
    arg [-lmingwex] ==> lib [mingwex]
    arg [-lmsvcrt] ==> lib [msvcrt]
    arg [-ladvapi32] ==> lib [advapi32]
    arg [-lshell32] ==> lib [shell32]
    arg [-luser32] ==> lib [user32]
    arg [-lkernel32] ==> lib [kernel32]
    arg [-lmingw32] ==> lib [mingw32]
    arg [-lgcc] ==> lib [gcc]
    arg [-lgcc_eh] ==> lib [gcc_eh]
    arg [-lmoldname] ==> lib [moldname]
    arg [-lmingwex] ==> lib [mingwex]
    arg [-lmsvcrt] ==> lib [msvcrt]
    arg [/usr/lib/gcc/x86_64-w64-mingw32/7.3-win32/crtend.o] ==> ignore
  remove lib [gcc_eh]
  remove lib [msvcrt]
  remove lib [gcc_eh]
  remove lib [msvcrt]
  collapse library dir [/usr/lib/gcc/x86_64-w64-mingw32/7.3-win32] ==> [/usr/lib/gcc/x86_64-w64-mingw32/7.3-win32]
  collapse library dir [/usr/lib/gcc/x86_64-w64-mingw32/7.3-win32/../../../../x86_64-w64-mingw32/lib] ==> [/usr/x86_64-w64-mingw32/lib]
  implicit libs: [pthread;mingw32;gcc;moldname;mingwex;advapi32;shell32;user32;kernel32;mingw32;gcc;moldname;mingwex]
  implicit dirs: [/usr/lib/gcc/x86_64-w64-mingw32/7.3-win32;/usr/x86_64-w64-mingw32/lib]
  implicit fwks: []




Detecting C [-std=c11] compiler features compiled with the following output:
Change Dir: /home/zuzwie/zuza/programowanie/jp/git_poczatki/openCv/program3/build/CMakeFiles/CMakeTmp

Run Build Command:"/usr/bin/make" "cmTC_d3bb5/fast"
/usr/bin/make -f CMakeFiles/cmTC_d3bb5.dir/build.make CMakeFiles/cmTC_d3bb5.dir/build
make[1]: Entering directory '/home/zuzwie/zuza/programowanie/jp/git_poczatki/openCv/program3/build/CMakeFiles/CMakeTmp'
Building C object CMakeFiles/cmTC_d3bb5.dir/feature_tests.c.obj
/usr/bin/x86_64-w64-mingw32-gcc   -std=c11 -o CMakeFiles/cmTC_d3bb5.dir/feature_tests.c.obj   -c /home/zuzwie/zuza/programowanie/jp/git_poczatki/openCv/program3/build/CMakeFiles/feature_tests.c
Linking C executable cmTC_d3bb5.exe
/usr/bin/cmake -E cmake_link_script CMakeFiles/cmTC_d3bb5.dir/link.txt --verbose=1
/usr/bin/cmake -E remove -f CMakeFiles/cmTC_d3bb5.dir/objects.a
/usr/bin/x86_64-w64-mingw32-ar cr CMakeFiles/cmTC_d3bb5.dir/objects.a @CMakeFiles/cmTC_d3bb5.dir/objects1.rsp
/usr/bin/x86_64-w64-mingw32-gcc    -fdata-sections -ffunction-sections -Wl,--enable-stdcall-fixup -static-libgcc -static -lpthread  -Wl,--whole-archive CMakeFiles/cmTC_d3bb5.dir/objects.a -Wl,--no-whole-archive  -o cmTC_d3bb5.exe -Wl,--out-implib,libcmTC_d3bb5.dll.a -Wl,--major-image-version,0,--minor-image-version,0 @CMakeFiles/cmTC_d3bb5.dir/linklibs.rsp
make[1]: Leaving directory '/home/zuzwie/zuza/programowanie/jp/git_poczatki/openCv/program3/build/CMakeFiles/CMakeTmp'


    Feature record: C_FEATURE:1c_function_prototypes
    Feature record: C_FEATURE:1c_restrict
    Feature record: C_FEATURE:1c_static_assert
    Feature record: C_FEATURE:1c_variadic_macros


Detecting C [-std=c99] compiler features compiled with the following output:
Change Dir: /home/zuzwie/zuza/programowanie/jp/git_poczatki/openCv/program3/build/CMakeFiles/CMakeTmp

Run Build Command:"/usr/bin/make" "cmTC_ecde1/fast"
/usr/bin/make -f CMakeFiles/cmTC_ecde1.dir/build.make CMakeFiles/cmTC_ecde1.dir/build
make[1]: Entering directory '/home/zuzwie/zuza/programowanie/jp/git_poczatki/openCv/program3/build/CMakeFiles/CMakeTmp'
Building C object CMakeFiles/cmTC_ecde1.dir/feature_tests.c.obj
/usr/bin/x86_64-w64-mingw32-gcc   -std=c99 -o CMakeFiles/cmTC_ecde1.dir/feature_tests.c.obj   -c /home/zuzwie/zuza/programowanie/jp/git_poczatki/openCv/program3/build/CMakeFiles/feature_tests.c
Linking C executable cmTC_ecde1.exe
/usr/bin/cmake -E cmake_link_script CMakeFiles/cmTC_ecde1.dir/link.txt --verbose=1
/usr/bin/cmake -E remove -f CMakeFiles/cmTC_ecde1.dir/objects.a
/usr/bin/x86_64-w64-mingw32-ar cr CMakeFiles/cmTC_ecde1.dir/objects.a @CMakeFiles/cmTC_ecde1.dir/objects1.rsp
/usr/bin/x86_64-w64-mingw32-gcc    -fdata-sections -ffunction-sections -Wl,--enable-stdcall-fixup -static-libgcc -static -lpthread  -Wl,--whole-archive CMakeFiles/cmTC_ecde1.dir/objects.a -Wl,--no-whole-archive  -o cmTC_ecde1.exe -Wl,--out-implib,libcmTC_ecde1.dll.a -Wl,--major-image-version,0,--minor-image-version,0 @CMakeFiles/cmTC_ecde1.dir/linklibs.rsp
make[1]: Leaving directory '/home/zuzwie/zuza/programowanie/jp/git_poczatki/openCv/program3/build/CMakeFiles/CMakeTmp'


    Feature record: C_FEATURE:1c_function_prototypes
    Feature record: C_FEATURE:1c_restrict
    Feature record: C_FEATURE:0c_static_assert
    Feature record: C_FEATURE:1c_variadic_macros


Detecting C [-std=c90] compiler features compiled with the following output:
Change Dir: /home/zuzwie/zuza/programowanie/jp/git_poczatki/openCv/program3/build/CMakeFiles/CMakeTmp

Run Build Command:"/usr/bin/make" "cmTC_10278/fast"
/usr/bin/make -f CMakeFiles/cmTC_10278.dir/build.make CMakeFiles/cmTC_10278.dir/build
make[1]: Entering directory '/home/zuzwie/zuza/programowanie/jp/git_poczatki/openCv/program3/build/CMakeFiles/CMakeTmp'
Building C object CMakeFiles/cmTC_10278.dir/feature_tests.c.obj
/usr/bin/x86_64-w64-mingw32-gcc   -std=c90 -o CMakeFiles/cmTC_10278.dir/feature_tests.c.obj   -c /home/zuzwie/zuza/programowanie/jp/git_poczatki/openCv/program3/build/CMakeFiles/feature_tests.c
Linking C executable cmTC_10278.exe
/usr/bin/cmake -E cmake_link_script CMakeFiles/cmTC_10278.dir/link.txt --verbose=1
/usr/bin/cmake -E remove -f CMakeFiles/cmTC_10278.dir/objects.a
/usr/bin/x86_64-w64-mingw32-ar cr CMakeFiles/cmTC_10278.dir/objects.a @CMakeFiles/cmTC_10278.dir/objects1.rsp
/usr/bin/x86_64-w64-mingw32-gcc    -fdata-sections -ffunction-sections -Wl,--enable-stdcall-fixup -static-libgcc -static -lpthread  -Wl,--whole-archive CMakeFiles/cmTC_10278.dir/objects.a -Wl,--no-whole-archive  -o cmTC_10278.exe -Wl,--out-implib,libcmTC_10278.dll.a -Wl,--major-image-version,0,--minor-image-version,0 @CMakeFiles/cmTC_10278.dir/linklibs.rsp
make[1]: Leaving directory '/home/zuzwie/zuza/programowanie/jp/git_poczatki/openCv/program3/build/CMakeFiles/CMakeTmp'


    Feature record: C_FEATURE:1c_function_prototypes
    Feature record: C_FEATURE:0c_restrict
    Feature record: C_FEATURE:0c_static_assert
    Feature record: C_FEATURE:0c_variadic_macros
Determining if the CXX compiler works passed with the following output:
Change Dir: /home/zuzwie/zuza/programowanie/jp/git_poczatki/openCv/program3/build/CMakeFiles/CMakeTmp

Run Build Command:"/usr/bin/make" "cmTC_7ae46/fast"
/usr/bin/make -f CMakeFiles/cmTC_7ae46.dir/build.make CMakeFiles/cmTC_7ae46.dir/build
make[1]: Entering directory '/home/zuzwie/zuza/programowanie/jp/git_poczatki/openCv/program3/build/CMakeFiles/CMakeTmp'
Building CXX object CMakeFiles/cmTC_7ae46.dir/testCXXCompiler.cxx.obj
/usr/bin/x86_64-w64-mingw32-g++     -o CMakeFiles/cmTC_7ae46.dir/testCXXCompiler.cxx.obj -c /home/zuzwie/zuza/programowanie/jp/git_poczatki/openCv/program3/build/CMakeFiles/CMakeTmp/testCXXCompiler.cxx
Linking CXX executable cmTC_7ae46.exe
/usr/bin/cmake -E cmake_link_script CMakeFiles/cmTC_7ae46.dir/link.txt --verbose=1
/usr/bin/cmake -E remove -f CMakeFiles/cmTC_7ae46.dir/objects.a
/usr/bin/x86_64-w64-mingw32-ar cr CMakeFiles/cmTC_7ae46.dir/objects.a @CMakeFiles/cmTC_7ae46.dir/objects1.rsp
/usr/bin/x86_64-w64-mingw32-g++    -fdata-sections -ffunction-sections -Wl,--enable-stdcall-fixup -static-libgcc -static -lpthread  -Wl,--whole-archive CMakeFiles/cmTC_7ae46.dir/objects.a -Wl,--no-whole-archive  -o cmTC_7ae46.exe -Wl,--out-implib,libcmTC_7ae46.dll.a -Wl,--major-image-version,0,--minor-image-version,0 @CMakeFiles/cmTC_7ae46.dir/linklibs.rsp
make[1]: Leaving directory '/home/zuzwie/zuza/programowanie/jp/git_poczatki/openCv/program3/build/CMakeFiles/CMakeTmp'


Detecting CXX compiler ABI info compiled with the following output:
Change Dir: /home/zuzwie/zuza/programowanie/jp/git_poczatki/openCv/program3/build/CMakeFiles/CMakeTmp

Run Build Command:"/usr/bin/make" "cmTC_32426/fast"
/usr/bin/make -f CMakeFiles/cmTC_32426.dir/build.make CMakeFiles/cmTC_32426.dir/build
make[1]: Entering directory '/home/zuzwie/zuza/programowanie/jp/git_poczatki/openCv/program3/build/CMakeFiles/CMakeTmp'
Building CXX object CMakeFiles/cmTC_32426.dir/CMakeCXXCompilerABI.cpp.obj
/usr/bin/x86_64-w64-mingw32-g++     -o CMakeFiles/cmTC_32426.dir/CMakeCXXCompilerABI.cpp.obj -c /usr/share/cmake-3.10/Modules/CMakeCXXCompilerABI.cpp
Linking CXX executable cmTC_32426.exe
/usr/bin/cmake -E cmake_link_script CMakeFiles/cmTC_32426.dir/link.txt --verbose=1
/usr/bin/cmake -E remove -f CMakeFiles/cmTC_32426.dir/objects.a
/usr/bin/x86_64-w64-mingw32-ar cr CMakeFiles/cmTC_32426.dir/objects.a @CMakeFiles/cmTC_32426.dir/objects1.rsp
/usr/bin/x86_64-w64-mingw32-g++    -fdata-sections -ffunction-sections -Wl,--enable-stdcall-fixup -static-libgcc -static -lpthread -v -Wl,--whole-archive CMakeFiles/cmTC_32426.dir/objects.a -Wl,--no-whole-archive  -o cmTC_32426.exe -Wl,--out-implib,libcmTC_32426.dll.a -Wl,--major-image-version,0,--minor-image-version,0 
Using built-in specs.
COLLECT_GCC=/usr/bin/x86_64-w64-mingw32-g++
COLLECT_LTO_WRAPPER=/usr/lib/gcc/x86_64-w64-mingw32/7.3-win32/lto-wrapper
Target: x86_64-w64-mingw32
Configured with: ../../src/configure --build=x86_64-linux-gnu --prefix=/usr --includedir='/usr/include' --mandir='/usr/share/man' --infodir='/usr/share/info' --sysconfdir=/etc --localstatedir=/var --disable-silent-rules --libdir='/usr/lib/x86_64-linux-gnu' --libexecdir='/usr/lib/x86_64-linux-gnu' --disable-maintainer-mode --disable-dependency-tracking --prefix=/usr --enable-shared --enable-static --disable-multilib --with-system-zlib --libexecdir=/usr/lib --without-included-gettext --libdir=/usr/lib --enable-libstdcxx-time=yes --with-tune=generic --with-headers=/usr/x86_64-w64-mingw32/include --enable-version-specific-runtime-libs --enable-fully-dynamic-string --enable-libgomp --enable-languages=c,c++,fortran,objc,obj-c++,ada --enable-lto --with-plugin-ld --enable-threads=win32 --program-suffix=-win32 --program-prefix=x86_64-w64-mingw32- --target=x86_64-w64-mingw32 --with-as=/usr/bin/x86_64-w64-mingw32-as --with-ld=/usr/bin/x86_64-w64-mingw32-ld --enable-libatomic --enable-libstdcxx-filesystem-ts=yes
Thread model: win32
gcc version 7.3-win32 20180312 (GCC) 
COMPILER_PATH=/usr/lib/gcc/x86_64-w64-mingw32/7.3-win32/:/usr/lib/gcc/x86_64-w64-mingw32/7.3-win32/:/usr/lib/gcc/x86_64-w64-mingw32/:/usr/lib/gcc/x86_64-w64-mingw32/7.3-win32/:/usr/lib/gcc/x86_64-w64-mingw32/:/usr/lib/gcc/x86_64-w64-mingw32/7.3-win32/../../../../x86_64-w64-mingw32/bin/
LIBRARY_PATH=/usr/lib/gcc/x86_64-w64-mingw32/7.3-win32/:/usr/lib/gcc/x86_64-w64-mingw32/7.3-win32/../../../../x86_64-w64-mingw32/lib/
COLLECT_GCC_OPTIONS='-fdata-sections' '-ffunction-sections' '-static-libgcc' '-static' '-v' '-o' 'cmTC_32426.exe' '-mtune=generic' '-march=x86-64'
 /usr/lib/gcc/x86_64-w64-mingw32/7.3-win32/collect2 -m i386pep -Bstatic -o cmTC_32426.exe /usr/lib/gcc/x86_64-w64-mingw32/7.3-win32/../../../../x86_64-w64-mingw32/lib/crt2.o /usr/lib/gcc/x86_64-w64-mingw32/7.3-win32/crtbegin.o -L/usr/lib/gcc/x86_64-w64-mingw32/7.3-win32 -L/usr/lib/gcc/x86_64-w64-mingw32/7.3-win32/../../../../x86_64-w64-mingw32/lib --enable-stdcall-fixup -lpthread --whole-archive CMakeFiles/cmTC_32426.dir/objects.a --no-whole-archive --out-implib libcmTC_32426.dll.a --major-image-version 0 --minor-image-version 0 -lstdc++ -lmingw32 -lgcc -lgcc_eh -lmoldname -lmingwex -lmsvcrt -ladvapi32 -lshell32 -luser32 -lkernel32 -lmingw32 -lgcc -lgcc_eh -lmoldname -lmingwex -lmsvcrt /usr/lib/gcc/x86_64-w64-mingw32/7.3-win32/crtend.o
COLLECT_GCC_OPTIONS='-fdata-sections' '-ffunction-sections' '-static-libgcc' '-static' '-v' '-o' 'cmTC_32426.exe' '-mtune=generic' '-march=x86-64'
make[1]: Leaving directory '/home/zuzwie/zuza/programowanie/jp/git_poczatki/openCv/program3/build/CMakeFiles/CMakeTmp'


Parsed CXX implicit link information from above output:
  link line regex: [^( *|.*[/\])(x86_64-w64-mingw32-ld|CMAKE_LINK_STARTFILE-NOTFOUND|([^/\]+-)?ld|collect2)[^/\]*( |$)]
  ignore line: [Change Dir: /home/zuzwie/zuza/programowanie/jp/git_poczatki/openCv/program3/build/CMakeFiles/CMakeTmp]
  ignore line: []
  ignore line: [Run Build Command:"/usr/bin/make" "cmTC_32426/fast"]
  ignore line: [/usr/bin/make -f CMakeFiles/cmTC_32426.dir/build.make CMakeFiles/cmTC_32426.dir/build]
  ignore line: [make[1]: Entering directory '/home/zuzwie/zuza/programowanie/jp/git_poczatki/openCv/program3/build/CMakeFiles/CMakeTmp']
  ignore line: [Building CXX object CMakeFiles/cmTC_32426.dir/CMakeCXXCompilerABI.cpp.obj]
  ignore line: [/usr/bin/x86_64-w64-mingw32-g++     -o CMakeFiles/cmTC_32426.dir/CMakeCXXCompilerABI.cpp.obj -c /usr/share/cmake-3.10/Modules/CMakeCXXCompilerABI.cpp]
  ignore line: [Linking CXX executable cmTC_32426.exe]
  ignore line: [/usr/bin/cmake -E cmake_link_script CMakeFiles/cmTC_32426.dir/link.txt --verbose=1]
  ignore line: [/usr/bin/cmake -E remove -f CMakeFiles/cmTC_32426.dir/objects.a]
  ignore line: [/usr/bin/x86_64-w64-mingw32-ar cr CMakeFiles/cmTC_32426.dir/objects.a @CMakeFiles/cmTC_32426.dir/objects1.rsp]
  ignore line: [/usr/bin/x86_64-w64-mingw32-g++    -fdata-sections -ffunction-sections -Wl,--enable-stdcall-fixup -static-libgcc -static -lpthread -v -Wl,--whole-archive CMakeFiles/cmTC_32426.dir/objects.a -Wl,--no-whole-archive  -o cmTC_32426.exe -Wl,--out-implib,libcmTC_32426.dll.a -Wl,--major-image-version,0,--minor-image-version,0 ]
  ignore line: [Using built-in specs.]
  ignore line: [COLLECT_GCC=/usr/bin/x86_64-w64-mingw32-g++]
  ignore line: [COLLECT_LTO_WRAPPER=/usr/lib/gcc/x86_64-w64-mingw32/7.3-win32/lto-wrapper]
  ignore line: [Target: x86_64-w64-mingw32]
  ignore line: [Configured with: ../../src/configure --build=x86_64-linux-gnu --prefix=/usr --includedir='/usr/include' --mandir='/usr/share/man' --infodir='/usr/share/info' --sysconfdir=/etc --localstatedir=/var --disable-silent-rules --libdir='/usr/lib/x86_64-linux-gnu' --libexecdir='/usr/lib/x86_64-linux-gnu' --disable-maintainer-mode --disable-dependency-tracking --prefix=/usr --enable-shared --enable-static --disable-multilib --with-system-zlib --libexecdir=/usr/lib --without-included-gettext --libdir=/usr/lib --enable-libstdcxx-time=yes --with-tune=generic --with-headers=/usr/x86_64-w64-mingw32/include --enable-version-specific-runtime-libs --enable-fully-dynamic-string --enable-libgomp --enable-languages=c,c++,fortran,objc,obj-c++,ada --enable-lto --with-plugin-ld --enable-threads=win32 --program-suffix=-win32 --program-prefix=x86_64-w64-mingw32- --target=x86_64-w64-mingw32 --with-as=/usr/bin/x86_64-w64-mingw32-as --with-ld=/usr/bin/x86_64-w64-mingw32-ld --enable-libatomic --enable-libstdcxx-filesystem-ts=yes]
  ignore line: [Thread model: win32]
  ignore line: [gcc version 7.3-win32 20180312 (GCC) ]
  ignore line: [COMPILER_PATH=/usr/lib/gcc/x86_64-w64-mingw32/7.3-win32/:/usr/lib/gcc/x86_64-w64-mingw32/7.3-win32/:/usr/lib/gcc/x86_64-w64-mingw32/:/usr/lib/gcc/x86_64-w64-mingw32/7.3-win32/:/usr/lib/gcc/x86_64-w64-mingw32/:/usr/lib/gcc/x86_64-w64-mingw32/7.3-win32/../../../../x86_64-w64-mingw32/bin/]
  ignore line: [LIBRARY_PATH=/usr/lib/gcc/x86_64-w64-mingw32/7.3-win32/:/usr/lib/gcc/x86_64-w64-mingw32/7.3-win32/../../../../x86_64-w64-mingw32/lib/]
  ignore line: [COLLECT_GCC_OPTIONS='-fdata-sections' '-ffunction-sections' '-static-libgcc' '-static' '-v' '-o' 'cmTC_32426.exe' '-mtune=generic' '-march=x86-64']
  link line: [ /usr/lib/gcc/x86_64-w64-mingw32/7.3-win32/collect2 -m i386pep -Bstatic -o cmTC_32426.exe /usr/lib/gcc/x86_64-w64-mingw32/7.3-win32/../../../../x86_64-w64-mingw32/lib/crt2.o /usr/lib/gcc/x86_64-w64-mingw32/7.3-win32/crtbegin.o -L/usr/lib/gcc/x86_64-w64-mingw32/7.3-win32 -L/usr/lib/gcc/x86_64-w64-mingw32/7.3-win32/../../../../x86_64-w64-mingw32/lib --enable-stdcall-fixup -lpthread --whole-archive CMakeFiles/cmTC_32426.dir/objects.a --no-whole-archive --out-implib libcmTC_32426.dll.a --major-image-version 0 --minor-image-version 0 -lstdc++ -lmingw32 -lgcc -lgcc_eh -lmoldname -lmingwex -lmsvcrt -ladvapi32 -lshell32 -luser32 -lkernel32 -lmingw32 -lgcc -lgcc_eh -lmoldname -lmingwex -lmsvcrt /usr/lib/gcc/x86_64-w64-mingw32/7.3-win32/crtend.o]
    arg [/usr/lib/gcc/x86_64-w64-mingw32/7.3-win32/collect2] ==> ignore
    arg [-m] ==> ignore
    arg [i386pep] ==> ignore
    arg [-Bstatic] ==> ignore
    arg [-o] ==> ignore
    arg [cmTC_32426.exe] ==> ignore
    arg [/usr/lib/gcc/x86_64-w64-mingw32/7.3-win32/../../../../x86_64-w64-mingw32/lib/crt2.o] ==> ignore
    arg [/usr/lib/gcc/x86_64-w64-mingw32/7.3-win32/crtbegin.o] ==> ignore
    arg [-L/usr/lib/gcc/x86_64-w64-mingw32/7.3-win32] ==> dir [/usr/lib/gcc/x86_64-w64-mingw32/7.3-win32]
    arg [-L/usr/lib/gcc/x86_64-w64-mingw32/7.3-win32/../../../../x86_64-w64-mingw32/lib] ==> dir [/usr/lib/gcc/x86_64-w64-mingw32/7.3-win32/../../../../x86_64-w64-mingw32/lib]
    arg [--enable-stdcall-fixup] ==> ignore
    arg [-lpthread] ==> lib [pthread]
    arg [--whole-archive] ==> ignore
    arg [CMakeFiles/cmTC_32426.dir/objects.a] ==> ignore
    arg [--no-whole-archive] ==> ignore
    arg [--out-implib] ==> ignore
    arg [libcmTC_32426.dll.a] ==> ignore
    arg [--major-image-version] ==> ignore
    arg [0] ==> ignore
    arg [--minor-image-version] ==> ignore
    arg [0] ==> ignore
    arg [-lstdc++] ==> lib [stdc++]
    arg [-lmingw32] ==> lib [mingw32]
    arg [-lgcc] ==> lib [gcc]
    arg [-lgcc_eh] ==> lib [gcc_eh]
    arg [-lmoldname] ==> lib [moldname]
    arg [-lmingwex] ==> lib [mingwex]
    arg [-lmsvcrt] ==> lib [msvcrt]
    arg [-ladvapi32] ==> lib [advapi32]
    arg [-lshell32] ==> lib [shell32]
    arg [-luser32] ==> lib [user32]
    arg [-lkernel32] ==> lib [kernel32]
    arg [-lmingw32] ==> lib [mingw32]
    arg [-lgcc] ==> lib [gcc]
    arg [-lgcc_eh] ==> lib [gcc_eh]
    arg [-lmoldname] ==> lib [moldname]
    arg [-lmingwex] ==> lib [mingwex]
    arg [-lmsvcrt] ==> lib [msvcrt]
    arg [/usr/lib/gcc/x86_64-w64-mingw32/7.3-win32/crtend.o] ==> ignore
  remove lib [gcc_eh]
  remove lib [msvcrt]
  remove lib [gcc_eh]
  remove lib [msvcrt]
  collapse library dir [/usr/lib/gcc/x86_64-w64-mingw32/7.3-win32] ==> [/usr/lib/gcc/x86_64-w64-mingw32/7.3-win32]
  collapse library dir [/usr/lib/gcc/x86_64-w64-mingw32/7.3-win32/../../../../x86_64-w64-mingw32/lib] ==> [/usr/x86_64-w64-mingw32/lib]
  implicit libs: [pthread;stdc++;mingw32;gcc;moldname;mingwex;advapi32;shell32;user32;kernel32;mingw32;gcc;moldname;mingwex]
  implicit dirs: [/usr/lib/gcc/x86_64-w64-mingw32/7.3-win32;/usr/x86_64-w64-mingw32/lib]
  implicit fwks: []




Detecting CXX [-std=c++1z] compiler features compiled with the following output:
Change Dir: /home/zuzwie/zuza/programowanie/jp/git_poczatki/openCv/program3/build/CMakeFiles/CMakeTmp

Run Build Command:"/usr/bin/make" "cmTC_9bacb/fast"
/usr/bin/make -f CMakeFiles/cmTC_9bacb.dir/build.make CMakeFiles/cmTC_9bacb.dir/build
make[1]: Entering directory '/home/zuzwie/zuza/programowanie/jp/git_poczatki/openCv/program3/build/CMakeFiles/CMakeTmp'
Building CXX object CMakeFiles/cmTC_9bacb.dir/feature_tests.cxx.obj
/usr/bin/x86_64-w64-mingw32-g++    -std=c++1z -o CMakeFiles/cmTC_9bacb.dir/feature_tests.cxx.obj -c /home/zuzwie/zuza/programowanie/jp/git_poczatki/openCv/program3/build/CMakeFiles/feature_tests.cxx
Linking CXX executable cmTC_9bacb.exe
/usr/bin/cmake -E cmake_link_script CMakeFiles/cmTC_9bacb.dir/link.txt --verbose=1
/usr/bin/cmake -E remove -f CMakeFiles/cmTC_9bacb.dir/objects.a
/usr/bin/x86_64-w64-mingw32-ar cr CMakeFiles/cmTC_9bacb.dir/objects.a @CMakeFiles/cmTC_9bacb.dir/objects1.rsp
/usr/bin/x86_64-w64-mingw32-g++    -fdata-sections -ffunction-sections -Wl,--enable-stdcall-fixup -static-libgcc -static -lpthread  -Wl,--whole-archive CMakeFiles/cmTC_9bacb.dir/objects.a -Wl,--no-whole-archive  -o cmTC_9bacb.exe -Wl,--out-implib,libcmTC_9bacb.dll.a -Wl,--major-image-version,0,--minor-image-version,0 @CMakeFiles/cmTC_9bacb.dir/linklibs.rsp
make[1]: Leaving directory '/home/zuzwie/zuza/programowanie/jp/git_poczatki/openCv/program3/build/CMakeFiles/CMakeTmp'


    Feature record: CXX_FEATURE:1cxx_aggregate_default_initializers
    Feature record: CXX_FEATURE:1cxx_alias_templates
    Feature record: CXX_FEATURE:1cxx_alignas
    Feature record: CXX_FEATURE:1cxx_alignof
    Feature record: CXX_FEATURE:1cxx_attributes
    Feature record: CXX_FEATURE:1cxx_attribute_deprecated
    Feature record: CXX_FEATURE:1cxx_auto_type
    Feature record: CXX_FEATURE:1cxx_binary_literals
    Feature record: CXX_FEATURE:1cxx_constexpr
    Feature record: CXX_FEATURE:1cxx_contextual_conversions
    Feature record: CXX_FEATURE:1cxx_decltype
    Feature record: CXX_FEATURE:1cxx_decltype_auto
    Feature record: CXX_FEATURE:1cxx_decltype_incomplete_return_types
    Feature record: CXX_FEATURE:1cxx_default_function_template_args
    Feature record: CXX_FEATURE:1cxx_defaulted_functions
    Feature record: CXX_FEATURE:1cxx_defaulted_move_initializers
    Feature record: CXX_FEATURE:1cxx_delegating_constructors
    Feature record: CXX_FEATURE:1cxx_deleted_functions
    Feature record: CXX_FEATURE:1cxx_digit_separators
    Feature record: CXX_FEATURE:1cxx_enum_forward_declarations
    Feature record: CXX_FEATURE:1cxx_explicit_conversions
    Feature record: CXX_FEATURE:1cxx_extended_friend_declarations
    Feature record: CXX_FEATURE:1cxx_extern_templates
    Feature record: CXX_FEATURE:1cxx_final
    Feature record: CXX_FEATURE:1cxx_func_identifier
    Feature record: CXX_FEATURE:1cxx_generalized_initializers
    Feature record: CXX_FEATURE:1cxx_generic_lambdas
    Feature record: CXX_FEATURE:1cxx_inheriting_constructors
    Feature record: CXX_FEATURE:1cxx_inline_namespaces
    Feature record: CXX_FEATURE:1cxx_lambdas
    Feature record: CXX_FEATURE:1cxx_lambda_init_captures
    Feature record: CXX_FEATURE:1cxx_local_type_template_args
    Feature record: CXX_FEATURE:1cxx_long_long_type
    Feature record: CXX_FEATURE:1cxx_noexcept
    Feature record: CXX_FEATURE:1cxx_nonstatic_member_init
    Feature record: CXX_FEATURE:1cxx_nullptr
    Feature record: CXX_FEATURE:1cxx_override
    Feature record: CXX_FEATURE:1cxx_range_for
    Feature record: CXX_FEATURE:1cxx_raw_string_literals
    Feature record: CXX_FEATURE:1cxx_reference_qualified_functions
    Feature record: CXX_FEATURE:1cxx_relaxed_constexpr
    Feature record: CXX_FEATURE:1cxx_return_type_deduction
    Feature record: CXX_FEATURE:1cxx_right_angle_brackets
    Feature record: CXX_FEATURE:1cxx_rvalue_references
    Feature record: CXX_FEATURE:1cxx_sizeof_member
    Feature record: CXX_FEATURE:1cxx_static_assert
    Feature record: CXX_FEATURE:1cxx_strong_enums
    Feature record: CXX_FEATURE:1cxx_template_template_parameters
    Feature record: CXX_FEATURE:1cxx_thread_local
    Feature record: CXX_FEATURE:1cxx_trailing_return_types
    Feature record: CXX_FEATURE:1cxx_unicode_literals
    Feature record: CXX_FEATURE:1cxx_uniform_initialization
    Feature record: CXX_FEATURE:1cxx_unrestricted_unions
    Feature record: CXX_FEATURE:1cxx_user_literals
    Feature record: CXX_FEATURE:1cxx_variable_templates
    Feature record: CXX_FEATURE:1cxx_variadic_macros
    Feature record: CXX_FEATURE:1cxx_variadic_templates


Detecting CXX [-std=c++14] compiler features compiled with the following output:
Change Dir: /home/zuzwie/zuza/programowanie/jp/git_poczatki/openCv/program3/build/CMakeFiles/CMakeTmp

Run Build Command:"/usr/bin/make" "cmTC_22453/fast"
/usr/bin/make -f CMakeFiles/cmTC_22453.dir/build.make CMakeFiles/cmTC_22453.dir/build
make[1]: Entering directory '/home/zuzwie/zuza/programowanie/jp/git_poczatki/openCv/program3/build/CMakeFiles/CMakeTmp'
Building CXX object CMakeFiles/cmTC_22453.dir/feature_tests.cxx.obj
/usr/bin/x86_64-w64-mingw32-g++    -std=c++14 -o CMakeFiles/cmTC_22453.dir/feature_tests.cxx.obj -c /home/zuzwie/zuza/programowanie/jp/git_poczatki/openCv/program3/build/CMakeFiles/feature_tests.cxx
Linking CXX executable cmTC_22453.exe
/usr/bin/cmake -E cmake_link_script CMakeFiles/cmTC_22453.dir/link.txt --verbose=1
/usr/bin/cmake -E remove -f CMakeFiles/cmTC_22453.dir/objects.a
/usr/bin/x86_64-w64-mingw32-ar cr CMakeFiles/cmTC_22453.dir/objects.a @CMakeFiles/cmTC_22453.dir/objects1.rsp
/usr/bin/x86_64-w64-mingw32-g++    -fdata-sections -ffunction-sections -Wl,--enable-stdcall-fixup -static-libgcc -static -lpthread  -Wl,--whole-archive CMakeFiles/cmTC_22453.dir/objects.a -Wl,--no-whole-archive  -o cmTC_22453.exe -Wl,--out-implib,libcmTC_22453.dll.a -Wl,--major-image-version,0,--minor-image-version,0 @CMakeFiles/cmTC_22453.dir/linklibs.rsp
make[1]: Leaving directory '/home/zuzwie/zuza/programowanie/jp/git_poczatki/openCv/program3/build/CMakeFiles/CMakeTmp'


    Feature record: CXX_FEATURE:1cxx_aggregate_default_initializers
    Feature record: CXX_FEATURE:1cxx_alias_templates
    Feature record: CXX_FEATURE:1cxx_alignas
    Feature record: CXX_FEATURE:1cxx_alignof
    Feature record: CXX_FEATURE:1cxx_attributes
    Feature record: CXX_FEATURE:1cxx_attribute_deprecated
    Feature record: CXX_FEATURE:1cxx_auto_type
    Feature record: CXX_FEATURE:1cxx_binary_literals
    Feature record: CXX_FEATURE:1cxx_constexpr
    Feature record: CXX_FEATURE:1cxx_contextual_conversions
    Feature record: CXX_FEATURE:1cxx_decltype
    Feature record: CXX_FEATURE:1cxx_decltype_auto
    Feature record: CXX_FEATURE:1cxx_decltype_incomplete_return_types
    Feature record: CXX_FEATURE:1cxx_default_function_template_args
    Feature record: CXX_FEATURE:1cxx_defaulted_functions
    Feature record: CXX_FEATURE:1cxx_defaulted_move_initializers
    Feature record: CXX_FEATURE:1cxx_delegating_constructors
    Feature record: CXX_FEATURE:1cxx_deleted_functions
    Feature record: CXX_FEATURE:1cxx_digit_separators
    Feature record: CXX_FEATURE:1cxx_enum_forward_declarations
    Feature record: CXX_FEATURE:1cxx_explicit_conversions
    Feature record: CXX_FEATURE:1cxx_extended_friend_declarations
    Feature record: CXX_FEATURE:1cxx_extern_templates
    Feature record: CXX_FEATURE:1cxx_final
    Feature record: CXX_FEATURE:1cxx_func_identifier
    Feature record: CXX_FEATURE:1cxx_generalized_initializers
    Feature record: CXX_FEATURE:1cxx_generic_lambdas
    Feature record: CXX_FEATURE:1cxx_inheriting_constructors
    Feature record: CXX_FEATURE:1cxx_inline_namespaces
    Feature record: CXX_FEATURE:1cxx_lambdas
    Feature record: CXX_FEATURE:1cxx_lambda_init_captures
    Feature record: CXX_FEATURE:1cxx_local_type_template_args
    Feature record: CXX_FEATURE:1cxx_long_long_type
    Feature record: CXX_FEATURE:1cxx_noexcept
    Feature record: CXX_FEATURE:1cxx_nonstatic_member_init
    Feature record: CXX_FEATURE:1cxx_nullptr
    Feature record: CXX_FEATURE:1cxx_override
    Feature record: CXX_FEATURE:1cxx_range_for
    Feature record: CXX_FEATURE:1cxx_raw_string_literals
    Feature record: CXX_FEATURE:1cxx_reference_qualified_functions
    Feature record: CXX_FEATURE:1cxx_relaxed_constexpr
    Feature record: CXX_FEATURE:1cxx_return_type_deduction
    Feature record: CXX_FEATURE:1cxx_right_angle_brackets
    Feature record: CXX_FEATURE:1cxx_rvalue_references
    Feature record: CXX_FEATURE:1cxx_sizeof_member
    Feature record: CXX_FEATURE:1cxx_static_assert
    Feature record: CXX_FEATURE:1cxx_strong_enums
    Feature record: CXX_FEATURE:1cxx_template_template_parameters
    Feature record: CXX_FEATURE:1cxx_thread_local
    Feature record: CXX_FEATURE:1cxx_trailing_return_types
    Feature record: CXX_FEATURE:1cxx_unicode_literals
    Feature record: CXX_FEATURE:1cxx_uniform_initialization
    Feature record: CXX_FEATURE:1cxx_unrestricted_unions
    Feature record: CXX_FEATURE:1cxx_user_literals
    Feature record: CXX_FEATURE:1cxx_variable_templates
    Feature record: CXX_FEATURE:1cxx_variadic_macros
    Feature record: CXX_FEATURE:1cxx_variadic_templates


Detecting CXX [-std=c++11] compiler features compiled with the following output:
Change Dir: /home/zuzwie/zuza/programowanie/jp/git_poczatki/openCv/program3/build/CMakeFiles/CMakeTmp

Run Build Command:"/usr/bin/make" "cmTC_446cf/fast"
/usr/bin/make -f CMakeFiles/cmTC_446cf.dir/build.make CMakeFiles/cmTC_446cf.dir/build
make[1]: Entering directory '/home/zuzwie/zuza/programowanie/jp/git_poczatki/openCv/program3/build/CMakeFiles/CMakeTmp'
Building CXX object CMakeFiles/cmTC_446cf.dir/feature_tests.cxx.obj
/usr/bin/x86_64-w64-mingw32-g++    -std=c++11 -o CMakeFiles/cmTC_446cf.dir/feature_tests.cxx.obj -c /home/zuzwie/zuza/programowanie/jp/git_poczatki/openCv/program3/build/CMakeFiles/feature_tests.cxx
Linking CXX executable cmTC_446cf.exe
/usr/bin/cmake -E cmake_link_script CMakeFiles/cmTC_446cf.dir/link.txt --verbose=1
/usr/bin/cmake -E remove -f CMakeFiles/cmTC_446cf.dir/objects.a
/usr/bin/x86_64-w64-mingw32-ar cr CMakeFiles/cmTC_446cf.dir/objects.a @CMakeFiles/cmTC_446cf.dir/objects1.rsp
/usr/bin/x86_64-w64-mingw32-g++    -fdata-sections -ffunction-sections -Wl,--enable-stdcall-fixup -static-libgcc -static -lpthread  -Wl,--whole-archive CMakeFiles/cmTC_446cf.dir/objects.a -Wl,--no-whole-archive  -o cmTC_446cf.exe -Wl,--out-implib,libcmTC_446cf.dll.a -Wl,--major-image-version,0,--minor-image-version,0 @CMakeFiles/cmTC_446cf.dir/linklibs.rsp
make[1]: Leaving directory '/home/zuzwie/zuza/programowanie/jp/git_poczatki/openCv/program3/build/CMakeFiles/CMakeTmp'


    Feature record: CXX_FEATURE:0cxx_aggregate_default_initializers
    Feature record: CXX_FEATURE:1cxx_alias_templates
    Feature record: CXX_FEATURE:1cxx_alignas
    Feature record: CXX_FEATURE:1cxx_alignof
    Feature record: CXX_FEATURE:1cxx_attributes
    Feature record: CXX_FEATURE:0cxx_attribute_deprecated
    Feature record: CXX_FEATURE:1cxx_auto_type
    Feature record: CXX_FEATURE:0cxx_binary_literals
    Feature record: CXX_FEATURE:1cxx_constexpr
    Feature record: CXX_FEATURE:0cxx_contextual_conversions
    Feature record: CXX_FEATURE:1cxx_decltype
    Feature record: CXX_FEATURE:0cxx_decltype_auto
    Feature record: CXX_FEATURE:1cxx_decltype_incomplete_return_types
    Feature record: CXX_FEATURE:1cxx_default_function_template_args
    Feature record: CXX_FEATURE:1cxx_defaulted_functions
    Feature record: CXX_FEATURE:1cxx_defaulted_move_initializers
    Feature record: CXX_FEATURE:1cxx_delegating_constructors
    Feature record: CXX_FEATURE:1cxx_deleted_functions
    Feature record: CXX_FEATURE:0cxx_digit_separators
    Feature record: CXX_FEATURE:1cxx_enum_forward_declarations
    Feature record: CXX_FEATURE:1cxx_explicit_conversions
    Feature record: CXX_FEATURE:1cxx_extended_friend_declarations
    Feature record: CXX_FEATURE:1cxx_extern_templates
    Feature record: CXX_FEATURE:1cxx_final
    Feature record: CXX_FEATURE:1cxx_func_identifier
    Feature record: CXX_FEATURE:1cxx_generalized_initializers
    Feature record: CXX_FEATURE:0cxx_generic_lambdas
    Feature record: CXX_FEATURE:1cxx_inheriting_constructors
    Feature record: CXX_FEATURE:1cxx_inline_namespaces
    Feature record: CXX_FEATURE:1cxx_lambdas
    Feature record: CXX_FEATURE:0cxx_lambda_init_captures
    Feature record: CXX_FEATURE:1cxx_local_type_template_args
    Feature record: CXX_FEATURE:1cxx_long_long_type
    Feature record: CXX_FEATURE:1cxx_noexcept
    Feature record: CXX_FEATURE:1cxx_nonstatic_member_init
    Feature record: CXX_FEATURE:1cxx_nullptr
    Feature record: CXX_FEATURE:1cxx_override
    Feature record: CXX_FEATURE:1cxx_range_for
    Feature record: CXX_FEATURE:1cxx_raw_string_literals
    Feature record: CXX_FEATURE:1cxx_reference_qualified_functions
    Feature record: CXX_FEATURE:0cxx_relaxed_constexpr
    Feature record: CXX_FEATURE:0cxx_return_type_deduction
    Feature record: CXX_FEATURE:1cxx_right_angle_brackets
    Feature record: CXX_FEATURE:1cxx_rvalue_references
    Feature record: CXX_FEATURE:1cxx_sizeof_member
    Feature record: CXX_FEATURE:1cxx_static_assert
    Feature record: CXX_FEATURE:1cxx_strong_enums
    Feature record: CXX_FEATURE:1cxx_template_template_parameters
    Feature record: CXX_FEATURE:1cxx_thread_local
    Feature record: CXX_FEATURE:1cxx_trailing_return_types
    Feature record: CXX_FEATURE:1cxx_unicode_literals
    Feature record: CXX_FEATURE:1cxx_uniform_initialization
    Feature record: CXX_FEATURE:1cxx_unrestricted_unions
    Feature record: CXX_FEATURE:1cxx_user_literals
    Feature record: CXX_FEATURE:0cxx_variable_templates
    Feature record: CXX_FEATURE:1cxx_variadic_macros
    Feature record: CXX_FEATURE:1cxx_variadic_templates


Detecting CXX [-std=c++98] compiler features compiled with the following output:
Change Dir: /home/zuzwie/zuza/programowanie/jp/git_poczatki/openCv/program3/build/CMakeFiles/CMakeTmp

Run Build Command:"/usr/bin/make" "cmTC_79159/fast"
/usr/bin/make -f CMakeFiles/cmTC_79159.dir/build.make CMakeFiles/cmTC_79159.dir/build
make[1]: Entering directory '/home/zuzwie/zuza/programowanie/jp/git_poczatki/openCv/program3/build/CMakeFiles/CMakeTmp'
Building CXX object CMakeFiles/cmTC_79159.dir/feature_tests.cxx.obj
/usr/bin/x86_64-w64-mingw32-g++    -std=c++98 -o CMakeFiles/cmTC_79159.dir/feature_tests.cxx.obj -c /home/zuzwie/zuza/programowanie/jp/git_poczatki/openCv/program3/build/CMakeFiles/feature_tests.cxx
Linking CXX executable cmTC_79159.exe
/usr/bin/cmake -E cmake_link_script CMakeFiles/cmTC_79159.dir/link.txt --verbose=1
/usr/bin/cmake -E remove -f CMakeFiles/cmTC_79159.dir/objects.a
/usr/bin/x86_64-w64-mingw32-ar cr CMakeFiles/cmTC_79159.dir/objects.a @CMakeFiles/cmTC_79159.dir/objects1.rsp
/usr/bin/x86_64-w64-mingw32-g++    -fdata-sections -ffunction-sections -Wl,--enable-stdcall-fixup -static-libgcc -static -lpthread  -Wl,--whole-archive CMakeFiles/cmTC_79159.dir/objects.a -Wl,--no-whole-archive  -o cmTC_79159.exe -Wl,--out-implib,libcmTC_79159.dll.a -Wl,--major-image-version,0,--minor-image-version,0 @CMakeFiles/cmTC_79159.dir/linklibs.rsp
make[1]: Leaving directory '/home/zuzwie/zuza/programowanie/jp/git_poczatki/openCv/program3/build/CMakeFiles/CMakeTmp'


    Feature record: CXX_FEATURE:0cxx_aggregate_default_initializers
    Feature record: CXX_FEATURE:0cxx_alias_templates
    Feature record: CXX_FEATURE:0cxx_alignas
    Feature record: CXX_FEATURE:0cxx_alignof
    Feature record: CXX_FEATURE:0cxx_attributes
    Feature record: CXX_FEATURE:0cxx_attribute_deprecated
    Feature record: CXX_FEATURE:0cxx_auto_type
    Feature record: CXX_FEATURE:0cxx_binary_literals
    Feature record: CXX_FEATURE:0cxx_constexpr
    Feature record: CXX_FEATURE:0cxx_contextual_conversions
    Feature record: CXX_FEATURE:0cxx_decltype
    Feature record: CXX_FEATURE:0cxx_decltype_auto
    Feature record: CXX_FEATURE:0cxx_decltype_incomplete_return_types
    Feature record: CXX_FEATURE:0cxx_default_function_template_args
    Feature record: CXX_FEATURE:0cxx_defaulted_functions
    Feature record: CXX_FEATURE:0cxx_defaulted_move_initializers
    Feature record: CXX_FEATURE:0cxx_delegating_constructors
    Feature record: CXX_FEATURE:0cxx_deleted_functions
    Feature record: CXX_FEATURE:0cxx_digit_separators
    Feature record: CXX_FEATURE:0cxx_enum_forward_declarations
    Feature record: CXX_FEATURE:0cxx_explicit_conversions
    Feature record: CXX_FEATURE:0cxx_extended_friend_declarations
    Feature record: CXX_FEATURE:0cxx_extern_templates
    Feature record: CXX_FEATURE:0cxx_final
    Feature record: CXX_FEATURE:0cxx_func_identifier
    Feature record: CXX_FEATURE:0cxx_generalized_initializers
    Feature record: CXX_FEATURE:0cxx_generic_lambdas
    Feature record: CXX_FEATURE:0cxx_inheriting_constructors
    Feature record: CXX_FEATURE:0cxx_inline_namespaces
    Feature record: CXX_FEATURE:0cxx_lambdas
    Feature record: CXX_FEATURE:0cxx_lambda_init_captures
    Feature record: CXX_FEATURE:0cxx_local_type_template_args
    Feature record: CXX_FEATURE:0cxx_long_long_type
    Feature record: CXX_FEATURE:0cxx_noexcept
    Feature record: CXX_FEATURE:0cxx_nonstatic_member_init
    Feature record: CXX_FEATURE:0cxx_nullptr
    Feature record: CXX_FEATURE:0cxx_override
    Feature record: CXX_FEATURE:0cxx_range_for
    Feature record: CXX_FEATURE:0cxx_raw_string_literals
    Feature record: CXX_FEATURE:0cxx_reference_qualified_functions
    Feature record: CXX_FEATURE:0cxx_relaxed_constexpr
    Feature record: CXX_FEATURE:0cxx_return_type_deduction
    Feature record: CXX_FEATURE:0cxx_right_angle_brackets
    Feature record: CXX_FEATURE:0cxx_rvalue_references
    Feature record: CXX_FEATURE:0cxx_sizeof_member
    Feature record: CXX_FEATURE:0cxx_static_assert
    Feature record: CXX_FEATURE:0cxx_strong_enums
    Feature record: CXX_FEATURE:1cxx_template_template_parameters
    Feature record: CXX_FEATURE:0cxx_thread_local
    Feature record: CXX_FEATURE:0cxx_trailing_return_types
    Feature record: CXX_FEATURE:0cxx_unicode_literals
    Feature record: CXX_FEATURE:0cxx_uniform_initialization
    Feature record: CXX_FEATURE:0cxx_unrestricted_unions
    Feature record: CXX_FEATURE:0cxx_user_literals
    Feature record: CXX_FEATURE:0cxx_variable_templates
    Feature record: CXX_FEATURE:0cxx_variadic_macros
    Feature record: CXX_FEATURE:0cxx_variadic_templates
